#! /gaia/home/faculty/changw/ivl/bin/vvp
:ivl_version "0.9.6 " "(v0_9_6)";
:vpi_time_precision + 0;
:vpi_module "system";
:vpi_module "v2005_math";
:vpi_module "va_math";
S_0x1484ad0 .scope module, "testBench" "testBench" 2 7;
 .timescale 0 0;
v0x14b3ff0_0 .var "A", 7 0;
v0x14b40e0_0 .var "B", 7 0;
v0x14b41b0_0 .var "C", 7 0;
v0x14b4280_0 .var "D", 7 0;
v0x14b4350_0 .net "addOrSub", 0 0, v0x14b3250_0; 1 drivers
v0x14b43d0_0 .net "addSubInput", 7 0, v0x14b2bf0_0; 1 drivers
v0x14b44a0_0 .var "clock", 0 0;
v0x14b4570_0 .net "done", 0 0, v0x14b3a50_0; 1 drivers
v0x14b4640_0 .net "e", 0 0, v0x14b3b20_0; 1 drivers
v0x14b46c0_0 .var "mode", 0 0;
v0x14b4740_0 .var "reset", 0 0;
v0x14b47c0_0 .net "s0", 0 0, v0x14b3df0_0; 1 drivers
v0x14b48b0_0 .net "s1", 0 0, v0x14b3e70_0; 1 drivers
v0x14b49c0_0 .net "s2", 0 0, v0x14b3ef0_0; 1 drivers
v0x14b4b50_0 .var "start", 0 0;
E_0x148a580 .event edge, v0x14b1930_0;
S_0x14b3530 .scope module, "controlUnit_mod" "controlUnitFSM" 2 16, 3 5, S_0x1484ad0;
 .timescale 0 0;
P_0x14b3628 .param/l "W" 3 10, C4<00>;
P_0x14b3650 .param/l "X" 3 11, C4<01>;
P_0x14b3678 .param/l "Y" 3 12, C4<10>;
P_0x14b36a0 .param/l "Z" 3 13, C4<11>;
v0x14b3250_0 .var "addOrSub", 0 0;
v0x14b38a0_0 .net "clock", 0 0, v0x14b44a0_0; 1 drivers
v0x14b3920_0 .var "current_state", 1 0;
v0x14b39a0_0 .var "cycleflag", 0 0;
v0x14b3a50_0 .var "done", 0 0;
v0x14b3b20_0 .var "e", 0 0;
v0x14b3be0_0 .net "mode", 0 0, v0x14b46c0_0; 1 drivers
v0x14b3c80_0 .var "next_state", 1 0;
v0x14b3d70_0 .net "reset", 0 0, v0x14b4740_0; 1 drivers
v0x14b3df0_0 .var "s0", 0 0;
v0x14b3e70_0 .var "s1", 0 0;
v0x14b3ef0_0 .var "s2", 0 0;
v0x14b3f70_0 .net "start", 0 0, v0x14b4b50_0; 1 drivers
E_0x14b2460 .event edge, v0x14b3150_0, v0x14b3c80_0;
E_0x14b2280/0 .event edge, v0x14b39a0_0, v0x14b3920_0;
E_0x14b2280/1 .event posedge, v0x14b2d80_0;
E_0x14b2280 .event/or E_0x14b2280/0, E_0x14b2280/1;
E_0x14b3790 .event edge, v0x14b1b20_0, v0x14b3920_0, v0x14b3f70_0, v0x14b39a0_0;
E_0x14b37f0 .event edge, v0x14b3f70_0;
S_0x1484bc0 .scope module, "addSub_mod" "addSub" 2 17, 4 5, S_0x1484ad0;
 .timescale 0 0;
v0x14b2830_0 .net "A", 7 0, v0x14b3ff0_0; 1 drivers
v0x14b2900_0 .net "B", 7 0, v0x14b40e0_0; 1 drivers
v0x14b29b0_0 .net "C", 7 0, v0x14b41b0_0; 1 drivers
v0x14b2a60_0 .net "D", 7 0, v0x14b4280_0; 1 drivers
v0x14b2b40_0 .alias "addOrSub", 0 0, v0x14b4350_0;
v0x14b2bf0_0 .var "addSubInput", 7 0;
v0x14b2cb0_0 .net "addSubOutput", 7 0, v0x14b19d0_0; 1 drivers
v0x14b2d80_0 .alias "clock", 0 0, v0x14b38a0_0;
v0x14b2e50_0 .alias "done", 0 0, v0x14b4570_0;
v0x14b2ed0_0 .net "e", 0 0, C4<z>; 0 drivers
v0x14b2fe0_0 .net "muxData", 7 0, v0x14b22b0_0; 1 drivers
v0x14b3060_0 .net "registerResult", 7 0, v0x14b2700_0; 1 drivers
v0x14b3150_0 .alias "reset", 0 0, v0x14b3d70_0;
v0x14b31d0_0 .alias "s0", 0 0, v0x14b47c0_0;
v0x14b3300_0 .alias "s1", 0 0, v0x14b48b0_0;
v0x14b33d0_0 .alias "s2", 0 0, v0x14b49c0_0;
E_0x1475f10 .event edge, v0x14b2700_0;
S_0x14b2490 .scope module, "mux2to1_mod" "mux2to1" 4 32, 4 126, S_0x1484bc0;
 .timescale 0 0;
v0x14b25b0_0 .alias "A", 7 0, v0x14b2830_0;
v0x14b2650_0 .alias "addSubOutput", 7 0, v0x14b2cb0_0;
v0x14b2700_0 .var "registerResult", 7 0;
v0x14b2780_0 .alias "s0", 0 0, v0x14b47c0_0;
E_0x14b2580 .event edge, v0x14b19d0_0, v0x14b2780_0;
S_0x14b1ed0 .scope module, "mux3to1_mod" "mux3to1" 4 33, 4 103, S_0x1484bc0;
 .timescale 0 0;
v0x14b2000_0 .alias "B", 7 0, v0x14b2900_0;
v0x14b20c0_0 .alias "C", 7 0, v0x14b29b0_0;
v0x14b2160_0 .alias "D", 7 0, v0x14b2a60_0;
v0x14b2200_0 .alias "e", 0 0, v0x14b2ed0_0;
v0x14b22b0_0 .var "muxData", 7 0;
v0x14b2360_0 .alias "s1", 0 0, v0x14b48b0_0;
v0x14b23e0_0 .alias "s2", 0 0, v0x14b49c0_0;
E_0x14b1af0 .event edge, v0x14b1d40_0, v0x14b1ca0_0;
S_0x1481a60 .scope module, "bigAddSub_mod" "BigAdderMod" 4 36, 4 62, S_0x1484bc0;
 .timescale 0 0;
v0x1483540_0 .alias "addOrSub", 0 0, v0x14b4350_0;
v0x14b1930_0 .alias "addSubInput", 7 0, v0x14b43d0_0;
v0x14b19d0_0 .var "addSubOutput", 7 0;
v0x14b1a70_0 .net "clock", 0 0, C4<z>; 0 drivers
v0x14b1b20_0 .alias "done", 0 0, v0x14b4570_0;
v0x14b1bc0_0 .alias "muxData", 7 0, v0x14b2fe0_0;
v0x14b1ca0_0 .alias "s1", 0 0, v0x14b48b0_0;
v0x14b1d40_0 .alias "s2", 0 0, v0x14b49c0_0;
v0x14b1e30_0 .var "sumRegister", 8 0;
E_0x1481b50 .event edge, v0x14b1bc0_0, v0x14b1d40_0, v0x14b1ca0_0;
    .scope S_0x14b3530;
T_0 ;
    %wait E_0x14b37f0;
    %set/v v0x14b3a50_0, 0, 1;
    %set/v v0x14b39a0_0, 0, 1;
    %set/v v0x14b3920_0, 0, 2;
    %jmp T_0;
    .thread T_0, $push;
    .scope S_0x14b3530;
T_1 ;
    %wait E_0x14b3790;
    %load/v 8, v0x14b3a50_0, 1;
    %mov 9, 0, 1;
    %cmpi/u 8, 0, 2;
    %jmp/0xz  T_1.0, 4;
    %load/v 8, v0x14b3920_0, 2;
    %cmp/x 8, 0, 2;
    %jmp/1 T_1.2, 4;
    %movi 10, 1, 2;
    %cmp/x 8, 10, 2;
    %jmp/1 T_1.3, 4;
    %movi 10, 2, 2;
    %cmp/x 8, 10, 2;
    %jmp/1 T_1.4, 4;
    %cmp/x 8, 1, 2;
    %jmp/1 T_1.5, 4;
    %jmp T_1.6;
T_1.2 ;
    %load/v 8, v0x14b3f70_0, 1;
    %mov 9, 0, 2;
    %cmpi/u 8, 1, 3;
    %mov 8, 4, 1;
    %load/v 9, v0x14b39a0_0, 1;
    %mov 10, 0, 2;
    %cmpi/u 9, 1, 3;
    %mov 9, 4, 1;
    %and 8, 9, 1;
    %jmp/0xz  T_1.7, 8;
    %movi 8, 1, 2;
    %set/v v0x14b3c80_0, 8, 2;
    %jmp T_1.8;
T_1.7 ;
    %set/v v0x14b3c80_0, 0, 2;
T_1.8 ;
    %jmp T_1.6;
T_1.3 ;
    %movi 8, 2, 2;
    %set/v v0x14b3c80_0, 8, 2;
    %jmp T_1.6;
T_1.4 ;
    %set/v v0x14b3c80_0, 1, 2;
    %jmp T_1.6;
T_1.5 ;
    %set/v v0x14b3c80_0, 0, 2;
    %jmp T_1.6;
T_1.6 ;
T_1.0 ;
    %jmp T_1;
    .thread T_1, $push;
    .scope S_0x14b3530;
T_2 ;
    %wait E_0x14b2280;
    %load/v 8, v0x14b3a50_0, 1;
    %mov 9, 0, 1;
    %cmpi/u 8, 0, 2;
    %jmp/0xz  T_2.0, 4;
    %load/v 8, v0x14b3be0_0, 1;
    %mov 9, 0, 1;
    %cmpi/u 8, 0, 2;
    %jmp/0xz  T_2.2, 4;
    %load/v 8, v0x14b3920_0, 2;
    %mov 10, 0, 1;
    %cmpi/u 8, 0, 3;
    %mov 8, 4, 1;
    %load/v 9, v0x14b39a0_0, 1;
    %mov 10, 0, 1;
    %cmpi/u 9, 0, 2;
    %mov 9, 4, 1;
    %and 8, 9, 1;
    %jmp/0xz  T_2.4, 8;
    %set/v v0x14b39a0_0, 1, 1;
    %set/v v0x14b3df0_0, 0, 1;
    %set/v v0x14b3e70_0, 2, 1;
    %set/v v0x14b3ef0_0, 2, 1;
    %set/v v0x14b3a50_0, 0, 1;
    %set/v v0x14b3250_0, 1, 1;
    %jmp T_2.5;
T_2.4 ;
    %load/v 8, v0x14b3920_0, 2;
    %mov 10, 0, 1;
    %cmpi/u 8, 1, 3;
    %jmp/0xz  T_2.6, 4;
    %set/v v0x14b3df0_0, 1, 1;
    %set/v v0x14b3e70_0, 0, 1;
    %set/v v0x14b3ef0_0, 0, 1;
    %set/v v0x14b3a50_0, 0, 1;
    %set/v v0x14b3250_0, 1, 1;
    %jmp T_2.7;
T_2.6 ;
    %load/v 8, v0x14b3920_0, 2;
    %mov 10, 0, 1;
    %cmpi/u 8, 2, 3;
    %jmp/0xz  T_2.8, 4;
    %set/v v0x14b3df0_0, 1, 1;
    %set/v v0x14b3e70_0, 1, 1;
    %set/v v0x14b3ef0_0, 0, 1;
    %set/v v0x14b3a50_0, 0, 1;
    %set/v v0x14b3250_0, 1, 1;
    %jmp T_2.9;
T_2.8 ;
    %load/v 8, v0x14b3920_0, 2;
    %mov 10, 0, 1;
    %cmpi/u 8, 3, 3;
    %jmp/0xz  T_2.10, 4;
    %set/v v0x14b3df0_0, 1, 1;
    %set/v v0x14b3e70_0, 0, 1;
    %set/v v0x14b3ef0_0, 1, 1;
    %set/v v0x14b3a50_0, 0, 1;
    %set/v v0x14b39a0_0, 1, 1;
    %set/v v0x14b3250_0, 0, 1;
    %jmp T_2.11;
T_2.10 ;
    %load/v 8, v0x14b3920_0, 2;
    %mov 10, 0, 1;
    %cmpi/u 8, 0, 3;
    %mov 8, 4, 1;
    %load/v 9, v0x14b39a0_0, 1;
    %mov 10, 0, 2;
    %cmpi/u 9, 1, 3;
    %mov 9, 4, 1;
    %and 8, 9, 1;
    %jmp/0xz  T_2.12, 8;
    %set/v v0x14b3a50_0, 1, 1;
T_2.12 ;
T_2.11 ;
T_2.9 ;
T_2.7 ;
T_2.5 ;
    %jmp T_2.3;
T_2.2 ;
    %load/v 8, v0x14b3be0_0, 1;
    %mov 9, 0, 2;
    %cmpi/u 8, 1, 3;
    %jmp/0xz  T_2.14, 4;
    %load/v 8, v0x14b3920_0, 2;
    %mov 10, 0, 1;
    %cmpi/u 8, 0, 3;
    %mov 8, 4, 1;
    %load/v 9, v0x14b39a0_0, 1;
    %mov 10, 0, 1;
    %cmpi/u 9, 0, 2;
    %mov 9, 4, 1;
    %and 8, 9, 1;
    %jmp/0xz  T_2.16, 8;
    %set/v v0x14b39a0_0, 1, 1;
    %set/v v0x14b3df0_0, 0, 1;
    %set/v v0x14b3e70_0, 2, 1;
    %set/v v0x14b3ef0_0, 2, 1;
    %set/v v0x14b3a50_0, 0, 1;
    %set/v v0x14b3250_0, 1, 1;
    %jmp T_2.17;
T_2.16 ;
    %load/v 8, v0x14b3920_0, 2;
    %mov 10, 0, 1;
    %cmpi/u 8, 1, 3;
    %jmp/0xz  T_2.18, 4;
    %set/v v0x14b3df0_0, 1, 1;
    %set/v v0x14b3e70_0, 0, 1;
    %set/v v0x14b3ef0_0, 0, 1;
    %set/v v0x14b3a50_0, 0, 1;
    %set/v v0x14b3250_0, 0, 1;
    %jmp T_2.19;
T_2.18 ;
    %load/v 8, v0x14b3920_0, 2;
    %mov 10, 0, 1;
    %cmpi/u 8, 2, 3;
    %jmp/0xz  T_2.20, 4;
    %set/v v0x14b3df0_0, 1, 1;
    %set/v v0x14b3e70_0, 1, 1;
    %set/v v0x14b3ef0_0, 0, 1;
    %set/v v0x14b3a50_0, 0, 1;
    %set/v v0x14b3250_0, 1, 1;
    %jmp T_2.21;
T_2.20 ;
    %load/v 8, v0x14b3920_0, 2;
    %mov 10, 0, 1;
    %cmpi/u 8, 3, 3;
    %jmp/0xz  T_2.22, 4;
    %set/v v0x14b3df0_0, 1, 1;
    %set/v v0x14b3e70_0, 0, 1;
    %set/v v0x14b3ef0_0, 1, 1;
    %set/v v0x14b3a50_0, 0, 1;
    %set/v v0x14b39a0_0, 1, 1;
    %set/v v0x14b3250_0, 1, 1;
    %jmp T_2.23;
T_2.22 ;
    %load/v 8, v0x14b3920_0, 2;
    %mov 10, 0, 1;
    %cmpi/u 8, 0, 3;
    %mov 8, 4, 1;
    %load/v 9, v0x14b39a0_0, 1;
    %mov 10, 0, 2;
    %cmpi/u 9, 1, 3;
    %mov 9, 4, 1;
    %and 8, 9, 1;
    %jmp/0xz  T_2.24, 8;
    %set/v v0x14b3a50_0, 1, 1;
T_2.24 ;
T_2.23 ;
T_2.21 ;
T_2.19 ;
T_2.17 ;
T_2.14 ;
T_2.3 ;
T_2.0 ;
    %jmp T_2;
    .thread T_2;
    .scope S_0x14b3530;
T_3 ;
    %wait E_0x14b2460;
    %load/v 8, v0x14b3d70_0, 1;
    %mov 9, 0, 2;
    %cmpi/u 8, 1, 3;
    %jmp/0xz  T_3.0, 4;
    %ix/load 0, 2, 0;
    %assign/v0 v0x14b3920_0, 0, 0;
    %jmp T_3.1;
T_3.0 ;
    %load/v 8, v0x14b3c80_0, 2;
    %ix/load 0, 2, 0;
    %assign/v0 v0x14b3920_0, 0, 8;
T_3.1 ;
    %jmp T_3;
    .thread T_3, $push;
    .scope S_0x14b2490;
T_4 ;
    %wait E_0x14b2580;
    %load/v 8, v0x14b2780_0, 1;
    %mov 9, 0, 1;
    %cmpi/u 8, 0, 2;
    %jmp/0xz  T_4.0, 4;
    %load/v 8, v0x14b25b0_0, 8;
    %set/v v0x14b2700_0, 8, 8;
    %jmp T_4.1;
T_4.0 ;
    %load/v 8, v0x14b2650_0, 8;
    %set/v v0x14b2700_0, 8, 8;
T_4.1 ;
    %jmp T_4;
    .thread T_4, $push;
    .scope S_0x14b1ed0;
T_5 ;
    %wait E_0x14b1af0;
    %load/v 8, v0x14b23e0_0, 1;
    %mov 9, 0, 1;
    %cmpi/u 8, 0, 2;
    %mov 8, 4, 1;
    %load/v 9, v0x14b2360_0, 1;
    %mov 10, 0, 1;
    %cmpi/u 9, 0, 2;
    %mov 9, 4, 1;
    %and 8, 9, 1;
    %jmp/0xz  T_5.0, 8;
    %load/v 8, v0x14b2000_0, 8;
    %set/v v0x14b22b0_0, 8, 8;
    %jmp T_5.1;
T_5.0 ;
    %load/v 8, v0x14b23e0_0, 1;
    %mov 9, 0, 1;
    %cmpi/u 8, 0, 2;
    %mov 8, 4, 1;
    %load/v 9, v0x14b2360_0, 1;
    %mov 10, 0, 2;
    %cmpi/u 9, 1, 3;
    %mov 9, 4, 1;
    %and 8, 9, 1;
    %jmp/0xz  T_5.2, 8;
    %load/v 8, v0x14b20c0_0, 8;
    %set/v v0x14b22b0_0, 8, 8;
    %jmp T_5.3;
T_5.2 ;
    %load/v 8, v0x14b23e0_0, 1;
    %mov 9, 0, 2;
    %cmpi/u 8, 1, 3;
    %mov 8, 4, 1;
    %load/v 9, v0x14b2360_0, 1;
    %mov 10, 0, 1;
    %cmpi/u 9, 0, 2;
    %mov 9, 4, 1;
    %and 8, 9, 1;
    %jmp/0xz  T_5.4, 8;
    %load/v 8, v0x14b2160_0, 8;
    %set/v v0x14b22b0_0, 8, 8;
T_5.4 ;
T_5.3 ;
T_5.1 ;
    %jmp T_5;
    .thread T_5, $push;
    .scope S_0x1481a60;
T_6 ;
    %wait E_0x1481b50;
    %load/v 8, v0x14b1b20_0, 1;
    %mov 9, 0, 1;
    %cmpi/u 8, 0, 2;
    %jmp/0xz  T_6.0, 4;
    %load/v 8, v0x1483540_0, 1;
    %mov 9, 0, 2;
    %cmpi/u 8, 1, 3;
    %jmp/0xz  T_6.2, 4;
    %load/v 8, v0x14b1930_0, 8;
    %mov 16, 0, 1;
    %load/v 17, v0x14b1bc0_0, 8;
    %mov 25, 0, 1;
    %add 8, 17, 9;
    %set/v v0x14b1e30_0, 8, 9;
    %vpi_call 4 76 "$display", "%d + %d = %d", v0x14b1930_0, v0x14b1bc0_0, v0x14b1e30_0;
    %jmp T_6.3;
T_6.2 ;
    %load/v 8, v0x1483540_0, 1;
    %mov 9, 0, 1;
    %cmpi/u 8, 0, 2;
    %jmp/0xz  T_6.4, 4;
    %load/v 8, v0x14b1930_0, 8;
    %mov 16, 0, 1;
    %load/v 17, v0x14b1bc0_0, 8;
    %mov 25, 0, 1;
    %sub 8, 17, 9;
    %set/v v0x14b1e30_0, 8, 9;
    %vpi_call 4 81 "$display", "%d - %d = %d", v0x14b1930_0, v0x14b1bc0_0, v0x14b1e30_0;
T_6.4 ;
T_6.3 ;
T_6.0 ;
    %ix/load 1, 8, 0;
    %mov 4, 0, 1;
    %jmp/1 T_6.6, 4;
    %load/x1p 11, v0x14b1e30_0, 1;
    %jmp T_6.7;
T_6.6 ;
    %mov 11, 2, 1;
T_6.7 ;
    %mov 8, 11, 1; Move signal select into place
    %mov 9, 0, 2;
    %cmpi/u 8, 1, 3;
    %jmp/0xz  T_6.8, 4;
    %load/v 8, v0x14b1e30_0, 8; Select 8 out of 9 bits
    %set/v v0x14b19d0_0, 8, 8;
    %jmp T_6.9;
T_6.8 ;
    %load/v 8, v0x14b1e30_0, 9;
    %set/v v0x14b19d0_0, 8, 8;
T_6.9 ;
    %jmp T_6;
    .thread T_6, $push;
    .scope S_0x1484bc0;
T_7 ;
    %wait E_0x1475f10;
    %load/v 8, v0x14b3150_0, 1;
    %mov 9, 0, 2;
    %cmpi/u 8, 1, 3;
    %jmp/0xz  T_7.0, 4;
    %ix/load 0, 8, 0;
    %assign/v0 v0x14b2bf0_0, 0, 0;
    %jmp T_7.1;
T_7.0 ;
    %load/v 8, v0x14b3060_0, 8;
    %ix/load 0, 8, 0;
    %assign/v0 v0x14b2bf0_0, 0, 8;
T_7.1 ;
    %jmp T_7;
    .thread T_7, $push;
    .scope S_0x1484ad0;
T_8 ;
    %wait E_0x148a580;
    %vpi_call 2 21 "$display", "result = %d", v0x14b43d0_0;
    %jmp T_8;
    .thread T_8, $push;
    .scope S_0x1484ad0;
T_9 ;
    %delay 5, 0;
    %load/v 8, v0x14b44a0_0, 1;
    %inv 8, 1;
    %set/v v0x14b44a0_0, 8, 1;
    %jmp T_9;
    .thread T_9;
    .scope S_0x1484ad0;
T_10 ;
    %set/v v0x14b44a0_0, 0, 1;
    %set/v v0x14b4740_0, 0, 1;
    %delay 10, 0;
    %set/v v0x14b4b50_0, 1, 1;
    %set/v v0x14b46c0_0, 0, 1;
    %movi 8, 1, 8;
    %set/v v0x14b3ff0_0, 8, 8;
    %movi 8, 2, 8;
    %set/v v0x14b40e0_0, 8, 8;
    %set/v v0x14b41b0_0, 1, 8;
    %movi 8, 2, 8;
    %set/v v0x14b4280_0, 8, 8;
    %delay 20, 0;
    %set/v v0x14b4b50_0, 0, 1;
    %set/v v0x14b46c0_0, 2, 1;
    %vpi_call 2 38 "$display", "=======================";
    %delay 10, 0;
    %set/v v0x14b4740_0, 1, 1;
    %delay 10, 0;
    %set/v v0x14b4b50_0, 1, 1;
    %set/v v0x14b46c0_0, 1, 1;
    %set/v v0x14b4740_0, 0, 1;
    %movi 8, 254, 8;
    %set/v v0x14b3ff0_0, 8, 8;
    %movi 8, 1, 8;
    %set/v v0x14b40e0_0, 8, 8;
    %movi 8, 1, 8;
    %set/v v0x14b41b0_0, 8, 8;
    %movi 8, 4, 8;
    %set/v v0x14b4280_0, 8, 8;
    %delay 20, 0;
    %set/v v0x14b4b50_0, 0, 1;
    %set/v v0x14b46c0_0, 2, 1;
    %vpi_call 2 42 "$display", "=======================";
    %delay 10, 0;
    %set/v v0x14b4740_0, 1, 1;
    %delay 10, 0;
    %set/v v0x14b4b50_0, 1, 1;
    %set/v v0x14b46c0_0, 0, 1;
    %set/v v0x14b4740_0, 0, 1;
    %movi 8, 1, 8;
    %set/v v0x14b3ff0_0, 8, 8;
    %set/v v0x14b40e0_0, 1, 8;
    %set/v v0x14b41b0_0, 1, 8;
    %movi 8, 2, 8;
    %set/v v0x14b4280_0, 8, 8;
    %delay 20, 0;
    %set/v v0x14b4b50_0, 0, 1;
    %set/v v0x14b46c0_0, 2, 1;
    %vpi_call 2 46 "$display", "=======================";
    %delay 10, 0;
    %set/v v0x14b4740_0, 1, 1;
    %delay 10, 0;
    %set/v v0x14b4b50_0, 1, 1;
    %set/v v0x14b46c0_0, 1, 1;
    %set/v v0x14b4740_0, 0, 1;
    %movi 8, 254, 8;
    %set/v v0x14b3ff0_0, 8, 8;
    %movi 8, 2, 8;
    %set/v v0x14b40e0_0, 8, 8;
    %set/v v0x14b41b0_0, 1, 8;
    %movi 8, 2, 8;
    %set/v v0x14b4280_0, 8, 8;
    %delay 20, 0;
    %set/v v0x14b4b50_0, 0, 1;
    %set/v v0x14b46c0_0, 2, 1;
    %delay 10, 0;
    %vpi_call 2 50 "$finish";
    %end;
    .thread T_10;
# The file index is used to find the file name in the following table.
:file_names 5;
    "N/A";
    "<interactive>";
    "testBench.v";
    "./multicycle.v";
    "./addSub.v";
